<?xml version="1.0" encoding="UTF-8"?>
<testng-results total="1" passed="1" failed="0" skipped="0">
  <reporter-output>
  </reporter-output>
  <suite started-at="2023-12-06T04:26:54Z" name="A_T_S.TestMethod" finished-at="2023-12-06T04:27:08Z" duration-ms="13346">
    <groups>
    </groups>
    <test started-at="2023-12-06T04:26:54Z" name="Command line test" finished-at="2023-12-06T04:27:08Z" duration-ms="13346">
      <class name="A_T_S.TestMethod">
        <test-method is-config="true" signature="init()[pri:0, instance:A_T_S.TestMethod@7f010382]" started-at="2023-12-05T22:26:54Z" name="init" finished-at="2023-12-05T22:26:59Z" duration-ms="4392" status="PASS">
          <reporter-output>
          </reporter-output>
        </test-method> <!-- init -->
        <test-method signature="LoginTest()[pri:0, instance:A_T_S.TestMethod@7f010382]" started-at="2023-12-05T22:26:59Z" name="LoginTest" finished-at="2023-12-05T22:27:08Z" duration-ms="8940" status="PASS">
          <reporter-output>
          </reporter-output>
        </test-method> <!-- LoginTest -->
      </class> <!-- A_T_S.TestMethod -->
    </test> <!-- Command line test -->
  </suite> <!-- A_T_S.TestMethod -->
</testng-results>
